c:\users\mahmut\documents\vısual studıo 2013\projects\ıslmotorcontrolconsole\ıslmotorcontrolconsole\debug\vc120.pdb
c:\users\mahmut\documents\vısual studıo 2013\projects\ıslmotorcontrolconsole\ıslmotorcontrolconsole\debug\vc120.ıdb
c:\users\mahmut\documents\vısual studıo 2013\projects\ıslmotorcontrolconsole\ıslmotorcontrolconsole\debug\serıal.obj
c:\users\mahmut\documents\vısual studıo 2013\projects\ıslmotorcontrolconsole\ıslmotorcontrolconsole\debug\ınterface.obj
c:\users\mahmut\documents\vısual studıo 2013\projects\ıslmotorcontrolconsole\ıslmotorcontrolconsole\debug\packconstructor.obj
c:\users\mahmut\documents\vısual studıo 2013\projects\ıslmotorcontrolconsole\ıslmotorcontrolconsole\debug\serıalcomm.obj
c:\users\mahmut\documents\vısual studıo 2013\projects\ıslmotorcontrolconsole\ıslmotorcontrolconsole\debug\maın.obj
c:\users\mahmut\documents\visual studio 2013\projects\ıslmotorcontrolconsole\ıslmotorcontrolconsole\debug\interface.obj
c:\users\mahmut\documents\visual studio 2013\projects\ıslmotorcontrolconsole\ıslmotorcontrolconsole\debug\main.obj
c:\users\mahmut\documents\visual studio 2013\projects\ıslmotorcontrolconsole\ıslmotorcontrolconsole\debug\packconstructor.obj
c:\users\mahmut\documents\visual studio 2013\projects\ıslmotorcontrolconsole\ıslmotorcontrolconsole\debug\serial.obj
c:\users\mahmut\documents\visual studio 2013\projects\ıslmotorcontrolconsole\ıslmotorcontrolconsole\debug\serialcomm.obj
c:\users\mahmut\documents\visual studio 2013\projects\ıslmotorcontrolconsole\ıslmotorcontrolconsole\debug\vc120.idb
c:\users\mahmut\documents\visual studio 2013\projects\ıslmotorcontrolconsole\ıslmotorcontrolconsole\debug\vc120.pdb
c:\users\mahmut\documents\visual studio 2013\projects\ıslmotorcontrolconsole\debug\ıslmotorcontrolconsole.pdb
c:\users\mahmut\documents\visual studio 2013\projects\ıslmotorcontrolconsole\ıslmotorcontrolconsole\debug\ıslmotor.f840668b.tlog\cl.command.1.tlog
c:\users\mahmut\documents\visual studio 2013\projects\ıslmotorcontrolconsole\ıslmotorcontrolconsole\debug\ıslmotor.f840668b.tlog\cl.read.1.tlog
c:\users\mahmut\documents\visual studio 2013\projects\ıslmotorcontrolconsole\ıslmotorcontrolconsole\debug\ıslmotor.f840668b.tlog\cl.write.1.tlog
c:\users\mahmut\documents\visual studio 2013\projects\ıslmotorcontrolconsole\ıslmotorcontrolconsole\debug\ıslmotor.f840668b.tlog\link-cvtres.read.1.tlog
c:\users\mahmut\documents\visual studio 2013\projects\ıslmotorcontrolconsole\ıslmotorcontrolconsole\debug\ıslmotor.f840668b.tlog\link-cvtres.write.1.tlog
c:\users\mahmut\documents\visual studio 2013\projects\ıslmotorcontrolconsole\ıslmotorcontrolconsole\debug\ıslmotor.f840668b.tlog\link-rc.read.1.tlog
c:\users\mahmut\documents\visual studio 2013\projects\ıslmotorcontrolconsole\ıslmotorcontrolconsole\debug\ıslmotor.f840668b.tlog\link-rc.write.1.tlog
c:\users\mahmut\documents\visual studio 2013\projects\ıslmotorcontrolconsole\ıslmotorcontrolconsole\debug\ıslmotor.f840668b.tlog\link.command.1.tlog
c:\users\mahmut\documents\visual studio 2013\projects\ıslmotorcontrolconsole\ıslmotorcontrolconsole\debug\ıslmotor.f840668b.tlog\link.read.1.tlog
c:\users\mahmut\documents\visual studio 2013\projects\ıslmotorcontrolconsole\ıslmotorcontrolconsole\debug\ıslmotor.f840668b.tlog\link.write.1.tlog
